8.552538844177846045e-01
7.955555929894306821e-01
7.769957386363636198e-01
7.681529864606821967e-01
7.608269115647893210e-01
7.545311138652734950e-01
7.466685467813536370e-01
7.402755457864614863e-01
7.337904027424164699e-01
7.274247274247274131e-01
7.215549999999999464e-01
7.168099999999999472e-01
7.102819999999999689e-01
7.063960000000000239e-01
7.005249999999999533e-01
6.968330000000000357e-01
6.921190000000000397e-01
6.887839999999999518e-01
6.838309999999999667e-01
6.809340000000000392e-01
6.773540000000000116e-01
6.737570000000000503e-01
6.710230000000000361e-01
6.683529999999999749e-01
6.655649999999999622e-01
6.611359999999999459e-01
6.604489999999999528e-01
6.579319999999999613e-01
6.556319999999999926e-01
