6.436994433291294282e-01
5.964330236436687915e-01
5.985402644566061303e-01
6.129354512568686575e-01
6.303350888801906304e-01
6.472903614951951434e-01
6.623430263548711894e-01
6.754046129476143356e-01
6.875387501550006553e-01
7.009290000000000243e-01
7.116550000000000376e-01
7.217750000000000554e-01
7.316249999999999698e-01
7.411410000000000498e-01
7.499719999999999720e-01
7.579460000000000086e-01
7.666730000000000489e-01
7.737290000000000001e-01
7.807979999999999920e-01
7.878460000000000463e-01
7.948199999999999710e-01
8.003780000000000339e-01
8.071899999999999631e-01
8.133899999999999464e-01
8.186149999999999816e-01
8.238440000000000207e-01
8.289140000000000397e-01
8.335749999999999549e-01
8.382239999999999691e-01
